\BOOKMARK [0][-]{chapter.1}{Critical behaviour and finite-size scaling}{}% 1
\BOOKMARK [1][-]{section.1.1}{Abstract}{chapter.1}% 2
\BOOKMARK [1][-]{section.1.2}{Phase transitions}{chapter.1}% 3
\BOOKMARK [2][-]{subsection.1.2.1}{Finite systems}{section.1.2}% 4
\BOOKMARK [1][-]{section.1.3}{Critical behaviour}{chapter.1}% 5
\BOOKMARK [2][-]{subsection.1.3.1}{Finite-size scaling}{section.1.3}% 6
\BOOKMARK [3][-]{subsubsection.1.3.1.1}{The finite-size scaling ansatz}{subsection.1.3.1}% 7
\BOOKMARK [3][-]{subsubsection.1.3.1.2}{Extracting exponents from numerical simulation}{subsection.1.3.1}% 8
\BOOKMARK [1][-]{section.1.4}{Finite bond dimension scaling in the CTMRG algorithm}{chapter.1}% 9
\BOOKMARK [2][-]{subsection.1.4.1}{Definition of Neff in terms of the correlation length at Tc}{section.1.4}% 10
\BOOKMARK [0][-]{chapter.2}{Results}{}% 11
\BOOKMARK [1][-]{section.2.1}{Abstract}{chapter.2}% 12
\BOOKMARK [1][-]{section.2.2}{Introduction}{chapter.2}% 13
\BOOKMARK [2][-]{subsection.2.2.1}{Definition of Neff in terms of the correlation length at Tc}{section.2.2}% 14
\BOOKMARK [2][-]{subsection.2.2.2}{Scaling relations away from the critical point}{section.2.2}% 15
\BOOKMARK [1][-]{section.2.3}{Finite-entanglement scaling and its relation to two-dimensional classical lattices}{chapter.2}% 16
\BOOKMARK [2][-]{subsection.2.3.1}{Classical analogue of entanglement entropy}{section.2.3}% 17
\BOOKMARK [2][-]{subsection.2.3.2}{Locating the critical point with the entanglement spectrum}{section.2.3}% 18
\BOOKMARK [2][-]{subsection.2.3.3}{Numerical results}{section.2.3}% 19
\BOOKMARK [1][-]{section.2.4}{To do}{chapter.2}% 20
\BOOKMARK [0][-]{section*.20}{Bibliography}{}% 21
